<?xml version="1.0" encoding="UTF-8"?>
<!-- Generated by org.testng.reporters.JUnitXMLReporter -->
<testsuite hostname="sjxd7STAprdn473" ignored="1" name="Default test" tests="4" failures="0" timestamp="2022-05-18T11:52:03 IST" time="0.123" errors="0">
  <testcase name="practiceb01" time="0.0" classname="Practice.Incident02"/>
  <testcase name="practicec04" time="0.002" classname="Practice.Incident02"/>
  <testcase name="practice02" time="0.002" classname="Practice.Incident02"/>
  <testcase name="practicea05" time="0.005" classname="Practice.Incident02"/>
  <testcase name="practice03" time="0.0" classname="Practice.Incident02">
    <ignored/>
  </testcase> <!-- practice03 -->
</testsuite> <!-- Default test -->
