<?xml version="1.0" encoding="UTF-8"?>
<!-- Generated by org.testng.reporters.JUnitXMLReporter -->
<testsuite hostname="sjxd7STAprdn473" ignored="0" name="Modules" tests="6" failures="0" timestamp="2022-05-17T15:31:57 IST" time="0.119" errors="0">
  <testcase name="Demo" time="0.016" classname="Practice.Change02"/>
  <testcase name="practice" time="0.015" classname="Practice.Incident01"/>
  <testcase name="practice01" time="0.0" classname="Practice.Incident02"/>
  <testcase name="practice02" time="0.0" classname="Practice.Incident02"/>
  <testcase name="first" time="0.0" classname="Practice.TestNG"/>
  <testcase name="second" time="0.0" classname="Practice.TestNG"/>
</testsuite> <!-- Modules -->
