<?xml version="1.0" encoding="UTF-8"?>
<!-- Generated by org.testng.reporters.JUnitXMLReporter -->
<testsuite hostname="sjxd7STAprdn473" ignored="4" name="Test" tests="2" failures="0" timestamp="2022-05-17T20:14:59 IST" time="0.113" errors="0">
  <testcase name="second" time="0.032" classname="Practice.TestNG"/>
  <testcase name="Demo" time="0.016" classname="Practice.Change02"/>
  <testcase name="first" time="0.0" classname="Practice.TestNG">
    <ignored/>
  </testcase> <!-- first -->
  <testcase name="practice01" time="0.0" classname="Practice.Incident02">
    <ignored/>
  </testcase> <!-- practice01 -->
  <testcase name="practice" time="0.0" classname="Practice.Incident01">
    <ignored/>
  </testcase> <!-- practice -->
  <testcase name="practice02" time="0.0" classname="Practice.Incident02">
    <ignored/>
  </testcase> <!-- practice02 -->
</testsuite> <!-- Test -->
