<?xml version="1.0" encoding="UTF-8"?>
<!-- Generated by org.testng.reporters.JUnitXMLReporter -->
<testsuite hostname="sjxd7STAprdn473" ignored="1" name="Incident Management" tests="2" failures="0" timestamp="2022-05-17T16:21:26 IST" time="0.015" errors="0">
  <testcase name="practice" time="0.0" classname="Practice.Incident01"/>
  <testcase name="practice02" time="0.0" classname="Practice.Incident02"/>
  <testcase name="practice01" time="0.0" classname="Practice.Incident02">
    <ignored/>
  </testcase> <!-- practice01 -->
</testsuite> <!-- Incident Management -->
