<?xml version="1.0" encoding="UTF-8"?>
<testng-results skipped="0" failed="0" ignored="1" total="2" passed="1">
  <reporter-output>
  </reporter-output>
  <suite name="Service Now" duration-ms="79" started-at="2022-06-06T21:06:09 IST" finished-at="2022-06-06T21:06:09 IST">
    <groups>
    </groups>
    <test name="Change Management" duration-ms="79" started-at="2022-06-06T21:06:09 IST" finished-at="2022-06-06T21:06:09 IST">
      <class name="Practice.Change02">
        <test-method status="PASS" signature="Friend()[pri:0, instance:Practice.Change02@6737fd8f]" name="Friend" duration-ms="15" started-at="2022-06-06T21:06:09 IST" finished-at="2022-06-06T21:06:09 IST">
          <reporter-output>
          </reporter-output>
        </test-method> <!-- Friend -->
      </class> <!-- Practice.Change02 -->
    </test> <!-- Change Management -->
  </suite> <!-- Service Now -->
</testng-results>
